20221009	18:27:02	3ce070ba-70a3-4993-b77f-dda0b5e4eb3b	GET	/	undefined
20221009	18:27:02	a06c2cf3-5eb2-4cca-a2bb-ce56f737f61b	GET	/css/style.css	undefined
20221009	18:27:03	0c8553d6-52d4-4421-880f-a6ca801aac54	GET	/favicon.ico	undefined
20221009	20:02:34	490f3298-97b5-4c91-998c-3e4e711fbf3d	POST	/auth/register	undefined
20221009	20:04:01	7a1c667d-259f-4c4b-9d41-a2ccfc238eae	POST	/auth/register	undefined
20221009	20:04:38	a1a9cda6-5a6c-4382-8880-cbb9b861879c	POST	/auth/register	undefined
20221009	20:05:43	6166dddc-68e8-4615-a131-53cdc441438b	POST	/auth/register	undefined
20221009	20:05:57	1bfca4d9-f79a-40d4-b51d-0c380e549e7e	POST	/auth/register	undefined
20221009	20:06:04	e75e118c-9026-4c31-96c7-b2755eafe94f	POST	/auth/register	undefined
20221009	20:06:30	13b4d452-fe70-433c-bcc0-59715675aeaf	POST	/auth/register	undefined
20221009	20:25:38	01a61870-ba54-45ce-bedc-0b091b55357d	POST	/auth/register	undefined
20221009	20:25:58	fe9460e5-b1bf-439f-8305-6d11a519424e	POST	/auth/register	undefined
20221009	20:26:01	0ce836f1-a726-440a-b504-bc51503de350	POST	/auth/register	undefined
20221009	20:26:09	97efd591-2a49-498d-a65b-7061b50bce44	POST	/auth/register	undefined
20221009	20:26:33	876f5677-696a-425e-9a2b-83ab196f66b2	POST	/auth/register	undefined
20221009	20:26:39	97d87d0e-38da-4f61-be5e-c39985c1af88	POST	/auth/register	undefined
20221009	20:26:55	1c66010d-87b3-48dd-98d3-6154045a644b	POST	/auth/register	undefined
20221009	20:27:34	e82b4709-4712-44e1-a298-ef3628ff081e	POST	/auth/register	undefined
20221009	20:28:05	b042306b-0871-4b10-adcb-c692198e0ab9	POST	/auth/register	undefined
20221009	20:28:08	0969d0e6-474e-40eb-9a49-8a923df98b28	POST	/auth/register	undefined
20221009	20:30:29	a2ff171e-1700-4d64-aa8e-6ac803bb023c	POST	/auth/register	undefined
20221009	20:30:39	f5377993-5157-4376-9e66-4880f85322cf	POST	/auth/register	undefined
20221009	20:30:47	59636665-988c-4fa8-b3c7-c78e2e98d973	POST	/auth/register	undefined
20221009	20:30:56	34fb7dd3-23d2-461f-8608-a7b5a9615d24	POST	/auth/register	undefined
20221009	20:30:59	efda7331-ac68-4bd2-a3be-5cdc5caff10c	POST	/auth/register	undefined
20221009	20:32:29	61e5569d-9f94-42c5-9755-e6bfa6468f02	POST	/auth/register	undefined
20221009	20:32:39	f3d60df5-4503-4b24-965d-a5d6efd5f2e6	POST	/auth/register	undefined
20221009	20:32:43	39dc5842-5587-4162-ba5b-62dfe389971d	POST	/auth/register	undefined
20221009	20:32:46	e8f2d90e-8583-443a-ae99-2b2f97f3a229	POST	/auth/register	undefined
20221009	20:32:52	6d69fd5e-66b9-4419-bc0d-7d293327f392	POST	/auth/register	undefined
20221009	20:32:55	87adea81-703d-47cb-b0ce-6d5d930d15b8	POST	/auth/register	undefined
20221009	20:32:59	1ac2b097-0eea-4344-bb0d-b017f4ef7aed	POST	/auth/register	undefined
20221009	20:33:17	aba8ae29-a1e4-46dd-9ded-fd30faf801de	POST	/auth/register	undefined
20221009	20:36:09	3d6bb718-76a4-49df-9ade-0c61f48f594b	POST	/auth/register	undefined
20221009	20:36:21	532329fe-21a5-4e93-aa77-9d1018ac1df4	POST	/auth/register	undefined
20221009	20:37:57	1945f5ee-f7e2-4ef2-9917-43fd3eedc064	POST	/auth/register	undefined
20221009	20:38:34	736b8a4b-9893-40cf-8bdf-2da11a09830b	POST	/auth/register	undefined
20221009	20:38:35	ae003f42-952f-4bcc-b879-d50a76225809	POST	/auth/register	undefined
20221009	20:38:37	9c7290cf-7432-411b-aa80-05b08143316e	POST	/auth/register	undefined
20221009	20:38:38	a155e7c5-1b78-433f-897a-0a61346d9507	POST	/auth/register	undefined
20221009	20:38:38	11975b7d-cc3a-404d-8e77-7b2c2012770d	POST	/auth/register	undefined
20221009	20:38:39	30ba18da-af3d-49a9-a008-9aa95afa5334	POST	/auth/register	undefined
20221009	20:38:39	ab5763c6-b137-4318-b6d9-1dd83288ce66	POST	/auth/register	undefined
20221009	20:38:40	532ce37e-2e3e-4cf9-bafc-8889056f2a8d	POST	/auth/register	undefined
20221009	20:39:04	29c83d24-a283-4a84-a940-998da2b00a49	POST	/auth/register	undefined
20221009	20:39:05	d48eb3d2-53ce-4d06-ad7d-9b67833275be	POST	/auth/register	undefined
20221009	20:39:06	054cf77e-0dcf-4ad0-8814-c50e60b0c95c	POST	/auth/register	undefined
20221009	20:39:19	94f6bb89-0d79-4b3d-b868-dbcd74e10b90	POST	/auth/register	undefined
20221009	20:39:41	61c34184-0aa2-4f4e-b8e1-1cfe7d27abc2	POST	/auth/register	undefined
20221009	20:39:44	6fcb904a-47a0-4149-8082-b154f1bae0ac	POST	/auth/register	undefined
20221009	20:39:55	302b8d78-706b-4f71-8ca6-5ba2f297fa7b	POST	/auth/register	undefined
20221009	20:40:07	09d072e2-f43c-4707-8541-1b31985701a0	POST	/auth/register	undefined
20221009	20:40:21	463b4287-333d-4d57-a7d4-e99dd8bfe369	POST	/auth/register	undefined
20221009	20:40:25	981d16fe-c82e-40a2-a5a8-52f6a66e7dd4	POST	/auth/register	undefined
20221009	20:40:31	1ab9a155-5d06-47a3-86f0-5b027abdfa8f	POST	/auth/register	undefined
20221009	20:50:38	9c7d9099-3b9f-4d33-8a2a-23df437b946a	POST	/auth/register	undefined
20221009	20:51:31	8174ccda-8d39-4eeb-9dc0-bd28902265c3	POST	/auth/register	undefined
20221009	20:52:56	7cf677d9-d929-4312-b41f-596eb8785c2d	POST	/auth/register	undefined
20221009	20:53:28	2a323f1b-1965-4ed5-b61d-a3e203e7ef04	POST	/auth/register	undefined
20221009	20:53:36	d2c3d4a4-3736-46b3-b326-a5c6c53c5de6	POST	/auth/register	undefined
20221009	20:53:53	a34415ff-c271-47d4-8054-88bcd24ef21a	POST	/auth/register	undefined
20221009	20:54:29	07d5189a-b9b0-49ed-ac75-fd9c866c4e96	POST	/auth/register	undefined
20221009	20:54:37	2e2e84f0-c081-466d-80f1-e48f40e9c1c9	POST	/auth/register	undefined
20221009	20:54:40	42e56e06-70a9-46dc-b050-4140b73bd474	POST	/auth/register	undefined
20221009	20:54:43	8cdf9083-32db-4782-aa63-b25af0651386	POST	/auth/register	undefined
20221009	20:55:07	45806cba-5598-4e02-a350-4c47342e2432	POST	/auth/register	undefined
20221009	20:55:56	894f8bd1-8013-4030-89bc-5939cf959539	POST	/auth/register	undefined
20221009	20:56:23	bd00a971-c004-4d1f-9684-1ce8b7835e50	POST	/auth/register	undefined
20221009	20:56:25	b69953f7-63c9-4f90-82e6-c0ced2ab0b63	POST	/auth/register	undefined
20221009	20:56:27	c1b21058-1434-4906-9fd0-412bc50b5598	POST	/auth/register	undefined
20221009	20:56:27	a1e2258e-f1dd-4ec4-9c19-99f68c087d6f	POST	/auth/register	undefined
20221009	21:16:44	271068e3-ab89-49f2-9deb-018ae405f2bb	POST	/auth/register	undefined
20221009	21:16:55	01723a6e-3344-415d-a056-b8f4161fcc66	POST	/auth/register	undefined
20221009	21:17:00	7fcaf658-a54f-4964-85c9-c2dd7899e0ab	POST	/auth/register	undefined
20221009	21:17:02	3417240c-1fe8-4bd1-b3d8-690c7e24b958	POST	/auth/register	undefined
20221009	21:17:02	d7843c91-c7da-4f61-9f4e-97d7e504d87c	POST	/auth/register	undefined
20221009	21:17:03	bb9a5c25-3788-4ea9-9671-48196a5eb125	POST	/auth/register	undefined
20221009	21:19:45	c0a18254-68ef-429d-8225-171db5d11a5c	POST	/auth/login	undefined
20221009	21:20:03	f2560e5f-f001-4cf9-8da5-e6b886146b9c	POST	/auth/login	undefined
20221009	21:21:00	ae7f3a52-6ea6-4d40-8c3f-5e80ed3d988c	POST	/auth/login	undefined
20221009	21:22:44	f87d42df-9505-49da-ba58-32857b0afacb	POST	/auth/login	undefined
20221009	21:22:51	cf0f6609-f520-4cf4-8d3a-e8a568b001b1	POST	/auth/login	undefined
20221009	21:22:55	423a09e3-bf05-40cd-a81f-dcfb6de8e8ac	POST	/auth/login	undefined
20221009	21:23:53	8da05a9b-a393-4d5c-897c-f8cdd55716de	POST	/auth/login	undefined
20221009	21:24:30	3247c3d1-e990-453a-8b66-fc341fdf1789	POST	/auth/login	undefined
20221009	21:26:02	dcd380fc-43b4-440e-ae40-9bfaa57c5891	POST	/auth/login	undefined
20221009	21:26:13	aa92cce5-0f5a-4303-8f35-1955289d6d86	POST	/auth/login	undefined
20221009	21:26:27	29d1255e-2eae-44bf-9a9a-afebb1e03448	POST	/auth/login	undefined
20221009	21:28:26	281d08b7-01e6-4d4f-b929-67ef3e9e0e73	POST	/auth/register	undefined
20221009	21:28:39	c137994e-c4b5-498c-aa0c-c12fb34ffe87	POST	/auth/register	undefined
20221009	21:28:56	5f8d2d92-a501-44a6-b974-c802f24e56fd	POST	/auth/register	undefined
20221009	21:40:48	4bfd3086-cb88-42f4-85f3-e6fe41d9bd56	POST	/auth/register	undefined
20221009	21:41:47	dea377b3-b22d-4ec0-9125-333ea4a33d7b	POST	/auth/register	undefined
20221009	21:45:23	b662e9ff-8c14-439c-b912-d7021d203dba	GET	/verify-user/6342ef3f80b696b9c68f8bca/eyJhbGciOiJIUzI1NiIsInR5cCI6IkpXVCJ9.eyJVc2VySW5mbyI6eyJlbWFpbCI6ImRhbmdhbHNhYmluMTQ4QGdtYWlsLmNvbSIsInJvbGVzIjpbIlVzZXIiXX0sImlhdCI6MTY2NTMzMTAwNywiZXhwIjoxNjY1MzMxOTA3fQ.oRddS0SzA0YzB5jMRlqjjZyNBTAZ6hhMoEMjHoGCuw0	undefined
20221009	21:47:09	ace0bded-49af-43ab-9112-1e4cb9e7f1e8	GET	/verify-user/6342ef3f80b696b9c68f8bca/eyJhbGciOiJIUzI1NiIsInR5cCI6IkpXVCJ9.eyJVc2VySW5mbyI6eyJlbWFpbCI6ImRhbmdhbHNhYmluMTQ4QGdtYWlsLmNvbSIsInJvbGVzIjpbIlVzZXIiXX0sImlhdCI6MTY2NTMzMTAwNywiZXhwIjoxNjY1MzMxOTA3fQ.oRddS0SzA0YzB5jMRlqjjZyNBTAZ6hhMoEMjHoGCuw0	undefined
20221009	21:47:27	f6e9e8c6-4bb7-4269-ac9b-9703a7652e33	POST	/auth/login	undefined
20221009	21:48:07	2e6c2b11-514b-4a0a-bd51-4027f62ef61f	GET	/verify-user/6342ef3f80b696b9c68f8bca/eyJhbGciOiJIUzI1NiIsInR5cCI6IkpXVCJ9.eyJVc2VySW5mbyI6eyJlbWFpbCI6ImRhbmdhbHNhYmluMTQ4QGdtYWlsLmNvbSIsInJvbGVzIjpbIlVzZXIiXX0sImlhdCI6MTY2NTMzMTM0NywiZXhwIjoxNjY1MzMyMjQ3fQ.tUUZ7BIwMS5BwPLHEDES3xgTSFtqRtGkOPDNMxLY9tk	undefined
20221009	21:58:31	504240be-21fe-4ed8-92f8-198ddc4496dc	GET	/verify-user/6342ef3f80b696b9c68f8bca/eyJhbGciOiJIUzI1NiIsInR5cCI6IkpXVCJ9.eyJVc2VySW5mbyI6eyJlbWFpbCI6ImRhbmdhbHNhYmluMTQ4QGdtYWlsLmNvbSIsInJvbGVzIjpbIlVzZXIiXX0sImlhdCI6MTY2NTMzMTM0NywiZXhwIjoxNjY1MzMyMjQ3fQ.tUUZ7BIwMS5BwPLHEDES3xgTSFtqRtGkOPDNMxLY9tk	undefined
20221009	22:00:19	e178ac53-747d-4f56-86d2-4cc2c91717fd	GET	/verify-user/6342ef3f80b696b9c68f8bca/eyJhbGciOiJIUzI1NiIsInR5cCI6IkpXVCJ9.eyJVc2VySW5mbyI6eyJlbWFpbCI6ImRhbmdhbHNhYmluMTQ4QGdtYWlsLmNvbSIsInJvbGVzIjpbIlVzZXIiXX0sImlhdCI6MTY2NTMzMTM0NywiZXhwIjoxNjY1MzMyMjQ3fQ.tUUZ7BIwMS5BwPLHEDES3xgTSFtqRtGkOPDNMxLY9tk	undefined
20221009	22:02:29	341906d2-df16-4adc-9174-286c0f24bd63	POST	/auth/login	undefined
20221009	22:03:26	269385d2-4d64-4bbf-9d51-0a4e0c4087cc	GET	/verify-user/6342ef3f80b696b9c68f8bca/eyJhbGciOiJIUzI1NiIsInR5cCI6IkpXVCJ9.eyJVc2VySW5mbyI6eyJlbWFpbCI6ImRhbmdhbHNhYmluMTQ4QGdtYWlsLmNvbSIsInJvbGVzIjpbIlVzZXIiXX0sImlhdCI6MTY2NTMzMjI0OSwiZXhwIjoxNjY1MzMzMTQ5fQ.3aL48b9OUZwrzxHSQ3OBL_S4rNpFYcYe1AhrqahlpTI	undefined
20221009	23:19:19	65864c48-8343-4798-97d4-0104424a69ea	POST	/auth/register	undefined
20221009	23:19:24	ec408eff-bfb8-4d8c-9202-a61a11c94a5d	POST	/auth/register	undefined
20221009	23:19:31	b9c3a5fb-fa32-4bdc-8b93-6e413f98cdb8	POST	/auth/register	undefined
20221009	23:30:04	a50730b4-3c7b-4106-9b01-43eb62d1f88c	POST	/auth/login	undefined
20221009	23:30:27	91b297d3-23bd-40ce-8a22-1888ec9d3088	POST	/auth/login	undefined
20221009	23:30:53	ad3e653e-2e22-40bd-acc5-1f4c26d54049	POST	/auth/change-password	undefined
20221009	23:33:28	5112c83d-3053-4ef1-8e1a-db11e1e5bacc	POST	/auth/change-password	undefined
20221009	23:34:31	ae19d8af-1701-442b-b84c-62fdfa28ce3e	POST	/auth/change-password	undefined
20221009	23:35:52	37b761a0-174c-43a4-886b-1d55326c1b7f	POST	/auth/change-password	undefined
20221009	23:36:19	4aaca475-79de-45f4-9d71-45d058a71db7	POST	/auth/change-password	undefined
20221010	10:58:54	6fa9425e-45e4-4799-8347-46392fd3af7e	POST	/auth/login	undefined
20221010	11:00:10	84ffc93c-5ea5-42bf-af48-ba5b95432f45	POST	/auth/change-password	undefined
20221010	11:02:42	712e3ef2-46ec-4230-b5cc-36a8f14d4646	POST	/auth/change-password	undefined
20221010	11:02:55	2f44dcab-496e-45ba-89c6-a65aa7a0f123	POST	/auth/change-password	undefined
20221010	11:03:05	be475083-7337-4e48-a4bb-68dd67917d5d	POST	/auth/change-password	undefined
20221010	11:03:44	31ce18f9-0ea5-4cce-bafa-cdb49bcf9cec	POST	/auth/refresh	undefined
20221010	11:03:50	86b0c37d-9481-4843-acb8-a4b9b7fe59d3	GET	/auth/refresh	undefined
20221010	11:06:45	eef2de5e-a917-4b26-986d-22861d0f135f	GET	/auth/refresh	undefined
20221010	11:07:15	b8c7bb26-cdb4-40fc-8894-d3adc384c840	GET	/auth/login	undefined
20221010	11:07:20	d20e10b6-fea1-4eed-b79d-a4f6d0383f1b	POST	/auth/login	undefined
20221010	11:10:06	2244e277-c6cf-450a-97f3-9bc1e8d7c1e3	POST	/auth/login	undefined
20221010	11:10:24	69a86fc3-d1fe-4c5f-ba24-9b28ca37f1b8	POST	/auth/login	undefined
20221010	11:11:00	c31991fe-995a-4860-b7be-5d3fd0bb29b7	POST	/auth/login	undefined
20221010	11:21:25	67676283-038e-4fa9-a1eb-79db42c10f62	POST	/auth/login	undefined
20221010	11:22:31	ea9aac3b-50f4-48d8-a7ab-b6d7476be3bb	POST	/auth/refresh	undefined
20221010	11:22:35	7acfd1b4-7763-405c-83bc-217b18e7fc67	GET	/auth/refresh	undefined
20221010	12:14:33	5927d1c3-2e21-48c4-b119-c3c54ec5960e	GET	/auth/refresh	undefined
20221010	12:17:15	9a018d2c-0c3b-4322-abcc-0e7c0fe6d026	POST	/auth/refresh	undefined
20221010	12:17:24	763ec2c9-8b2b-4dbe-90f0-7d92331544f1	POST	/auth/login	undefined
20221010	12:18:47	6e128bf5-e379-4d4d-955a-743f5203af22	POST	/auth/login	undefined
20221010	12:19:43	308ac394-2bb9-4156-a0b0-50f59c77938e	POST	/auth/logout	undefined
20221010	12:20:17	933644c8-0011-4bb7-9f53-c49c09291b1f	POST	/auth/logout	undefined
20221010	12:20:50	569a77e1-2a20-48d2-bd8f-71bf7e922c62	POST	/auth/logout	undefined
20221010	22:09:43	78f27315-e094-43e6-b826-cae989be2069	POST	/auth/	undefined
20221010	22:10:07	b765986b-608d-4b75-a3b8-869cd336efbb	POST	/auth/login	undefined
20221010	22:10:29	718136df-55f4-448b-baea-88c9820e9c0b	POST	/auth/login	undefined
20221010	22:10:32	4e4d8994-7fb2-4cb1-830a-9f43e6282967	POST	/auth/login	undefined
20221010	22:11:02	999885b2-5118-4e45-91e3-260f211bbd17	POST	/auth/login	undefined
20221010	22:11:17	45cdd2c7-1874-4844-8067-7baac88e4486	GET	/auth/refresh	undefined
20221010	22:11:20	db266aa9-c180-4a44-8394-ec221950ef58	GET	/auth/refresh	undefined
20221010	22:12:43	51f0cc2d-c9d9-44e9-9467-1ae9952c45b4	POST	/auth/logout	undefined
20221010	22:13:15	28b01e89-4773-4dcb-b82a-d478039888d3	POST	/auth/logout	undefined
20221010	22:14:18	9be4c2c6-81bc-4fe7-a9ca-2359bf8961bf	POST	/auth/logout	undefined
20221010	22:14:40	8a20c40d-3916-4e6a-b2d5-983603df1724	POST	/auth/logout	undefined
20221010	22:14:47	e0c72017-4097-4a55-a8f7-c21bd78dc46c	POST	/auth/logout	undefined
20221010	22:14:48	1f24097e-71a8-4539-8f8c-17d2711f11b5	POST	/auth/logout	undefined
20221010	22:15:44	2d61ec62-b92b-4b45-b5ae-6583d001a542	POST	/auth/login	undefined
20221010	22:18:25	f69c7a76-12b0-4825-8a8e-0709b5bff937	POST	/auth/login	undefined
20221010	22:18:31	03ed8688-cca6-40dd-845a-eaa5a00573cd	POST	/auth/logout	undefined
20221010	22:18:49	0cf288f3-b74f-4717-abc1-c7bc7dd5cb58	POST	/auth/login	undefined
20221010	22:18:55	8da75c56-a1fb-4944-bb85-b56e83fbf64f	POST	/auth/refresh	undefined
20221010	22:18:59	a94ae0c3-4eed-42f9-8040-4f0a9bda5bc9	GET	/auth/refresh	undefined
20221010	22:19:57	80953aa5-3aa4-4839-bfd8-06e529c6ca9c	POST	/auth/logut	undefined
20221010	22:20:00	08253ce9-3148-4cb5-ba46-572bcac4029f	POST	/auth/logout	undefined
20221010	22:20:07	30701d1b-eb24-40d1-85d6-36eb0990726e	POST	/auth/logout	undefined
20221010	22:20:17	96748ae8-3908-41fa-9dd8-176434d3841f	POST	/auth/login	undefined
20221010	22:20:24	3a4e3bfc-2177-402b-8272-cd16305d2449	POST	/auth/logout	undefined
20221010	22:21:06	ae5171a8-bbf1-4653-a74e-2c4f4dfbaf1e	POST	/auth/logout	undefined
20221010	22:21:12	3b297f5e-f476-4159-8e50-7025c663f215	POST	/auth/logout	undefined
20221010	22:21:42	4add3e4f-6c14-4b9b-af9f-10d8d2b4af62	POST	/auth/login	undefined
20221010	22:21:51	f7a2e033-fa3c-41b3-b7ca-2d83bca80c9b	POST	/auth/logout	undefined
20221010	22:28:05	abe7e8b6-7b88-49f0-a8b4-e04a0bbe6ae6	POST	/auth/send-reset-password-email	undefined
20221010	22:28:26	4b725472-da00-470d-918c-5eb00e5aebd4	POST	/auth/send-reset-password-email	undefined
20221010	22:29:07	a870f8cd-8634-40bb-82fa-cf761870cdcd	POST	/auth/send-reset-password-email	undefined
20221010	22:30:26	7bf2c281-dedd-4126-970f-2b13acca01c9	POST	/auth/send-reset-password-email	undefined
20221010	22:31:44	f0dc695c-1320-42c7-a8af-688fed87d9a9	POST	/reset-password/6342e49b6073c316e22a1500/eyJhbGciOiJIUzI1NiIsInR5cCI6IkpXVCJ9.eyJpZCI6IjYzNDJlNDliNjA3M2MzMTZlMjJhMTUwMCIsImlhdCI6MTY2NTQyMDMyNiwiZXhwIjoxNjY1NDIxMjI2fQ.poverkPBH1rRz1FG78mF5sc9Hknl0ycpDdMlY	undefined
20221010	22:31:58	e445175c-afa4-4630-9b6a-ba060e798ddb	POST	/reset-password/6342e49b6073c316e22a1500/eyJhbGciOiJIUzI1NiIsInR5cCI6IkpXVCJ9.eyJpZCI6IjYzNDJlNDliNjA3M2MzMTZlMjJhMTUwMCIsImlhdCI6MTY2NTQyMDMyNiwiZXhwIjoxNjY1NDIxMjI2fQ.poverkPBH1rRz1FG78mF5sc9Hknl0ycpDdMlY	undefined
20221010	22:35:26	5a9a1ac5-dafe-4ebd-801d-b65dd674a122	POST	/reset-password/6342e49b6073c316e22a1500/eyJhbGciOiJIUzI1NiIsInR5cCI6IkpXVCJ9.eyJpZCI6IjYzNDJlNDliNjA3M2MzMTZlMjJhMTUwMCIsImlhdCI6MTY2NTQyMDMyNiwiZXhwIjoxNjY1NDIxMjI2fQ.poverkPBH1rRz1FG78mF5sc9Hknl0ycpDdMlY	undefined
20221010	22:35:59	6629c34b-84e1-460d-9a7f-d70dac19afa1	POST	/reset-password/6342e49b6073c316e22a1500/eyJhbGciOiJIUzI1NiIsInR5cCI6IkpXVCJ9.eyJpZCI6IjYzNDJlNDliNjA3M2MzMTZlMjJhMTUwMCIsImlhdCI6MTY2NTQyMDMyNiwiZXhwIjoxNjY1NDIxMjI2fQ.poverkPBH1rRz1FG78mF5sc9Hknl0ycpDdMlY	undefined
20221010	22:40:16	bd2879b8-ff33-440c-a8b8-83d590366d24	POST	/auth/send-reset-password-email	undefined
20221010	22:40:53	033a1fdc-f429-436a-aae8-0ba9e4cd1b69	POST	/reset-password/6342e49b6073c316e22a1500/eyJhbGciOiJIUzI1NiIsInR5cCI6IkpXVCJ9.eyJpZCI6IjYzNDJlNDliNjA3M2MzMTZlMjJhMTUwMCIsImlhdCI6MTY2NTQyMDkxNywiZXhwIjoxNjY1NDIxODE3fQ.RoO677eqhfLTpPJoq44kVB-YMdh6E4T8d5P6X1_RjAY	undefined
20221010	22:43:14	4841d0f2-e616-4104-8ae6-763a5b9cb3c0	POST	/reset-password/6342e49b6073c316e22a1500/eyJhbGciOiJIUzI1NiIsInR5cCI6IkpXVCJ9.eyJpZCI6IjYzNDJlNDliNjA3M2MzMTZlMjJhMTUwMCIsImlhdCI6MTY2NTQyMDkxNywiZXhwIjoxNjY1NDIxODE3fQ.RoO677eqhfLTpPJoq44kVB-YMdh6E4T8d5P6X1_RjAY	undefined
20221010	22:43:35	0b973c05-2c31-4950-a4d8-b121df32fc9e	POST	/auth/reset-password/6342e49b6073c316e22a1500/eyJhbGciOiJIUzI1NiIsInR5cCI6IkpXVCJ9.eyJpZCI6IjYzNDJlNDliNjA3M2MzMTZlMjJhMTUwMCIsImlhdCI6MTY2NTQyMDkxNywiZXhwIjoxNjY1NDIxODE3fQ.RoO677eqhfLTpPJoq44kVB-YMdh6E4T8d5P6X1_RjAY	undefined
20221010	22:43:39	783b4784-435f-4d24-8c7a-d4091607f231	POST	/auth/reset-password/6342e49b6073c316e22a1500/eyJhbGciOiJIUzI1NiIsInR5cCI6IkpXVCJ9.eyJpZCI6IjYzNDJlNDliNjA3M2MzMTZlMjJhMTUwMCIsImlhdCI6MTY2NTQyMDkxNywiZXhwIjoxNjY1NDIxODE3fQ.RoO677eqhfLTpPJoq44kVB-YMdh6E4T8d5P6X1_RjAY	undefined
20221010	22:43:46	903c5216-188e-479e-9549-6f283b4b36f1	POST	/auth/reset-password/6342e49b6073c316e22a1500/eyJhbGciOiJIUzI1NiIsInR5cCI6IkpXVCJ9.eyJpZCI6IjYzNDJlNDliNjA3M2MzMTZlMjJhMTUwMCIsImlhdCI6MTY2NTQyMDkxNywiZXhwIjoxNjY1NDIxODE3fQ.RoO677eqhfLTpPJoq44kVB-YMdh6E4T8d5P6X1_RjAY	undefined
20221010	22:43:49	c6674a20-0d7e-4ba5-afa6-d995527fb2c4	POST	/auth/reset-password/6342e49b6073c316e22a1500/eyJhbGciOiJIUzI1NiIsInR5cCI6IkpXVCJ9.eyJpZCI6IjYzNDJlNDliNjA3M2MzMTZlMjJhMTUwMCIsImlhdCI6MTY2NTQyMDkxNywiZXhwIjoxNjY1NDIxODE3fQ.RoO677eqhfLTpPJoq44kVB-YMdh6E4T8d5P6X1_RjAY	undefined
20221010	22:43:55	9832e3f6-f7c9-4a9e-9b0c-1476de823a09	POST	/auth/reset-password/6342e49b6073c316e22a1500/eyJhbGciOiJIUzI1NiIsInR5cCI6IkpXVCJ9.eyJpZCI6IjYzNDJlNDliNjA3M2MzMTZlMjJhMTUwMCIsImlhdCI6MTY2NTQyMDkxNywiZXhwIjoxNjY1NDIxODE3fQ.RoO677eqhfLTpPJoq44kVB-YMdh6E4T8d5P6X1_RjAY	undefined
20221010	22:44:01	0fc73a2a-4f25-4336-bf10-00bccc248d76	POST	/auth/logout	undefined
20221010	22:44:07	9f68c899-b5d5-4cdd-8b72-f4c2baef181c	POST	/auth/login	undefined
20221010	22:44:11	15d0fbfe-ddd3-43c5-8142-02ed76dbbce1	POST	/auth/login	undefined
20221010	22:44:25	14dc98bd-3b68-4530-9114-dfdf4ccf9c00	POST	/auth/reset-password/6342e49b6073c316e22a1500/eyJhbGciOiJIUzI1NiIsInR5cCI6IkpXVCJ9.eyJpZCI6IjYzNDJlNDliNjA3M2MzMTZlMjJhMTUwMCIsImlhdCI6MTY2NTQyMDkxNywiZXhwIjoxNjY1NDIxODE3fQ.RoO677eqhfLTpPJoq44kVB-YMdh6E4T8d5P6X1_RjAY	undefined
20221010	22:51:36	9a9d19f8-7795-4422-9c06-f2f8277b6c0e	POST	/auth/login	undefined
20221010	22:52:15	5dc80253-8388-4320-bbf7-3e4e92f94caa	POST	/auth/verify-user/6342ef3f80b696b9c68f8bca/eyJhbGciOiJIUzI1NiIsInR5cCI6IkpXVCJ9.eyJpZCI6IjYzNDJlZjNmODBiNjk2YjljNjhmOGJjYSIsImlhdCI6MTY2NTQyMTU5NiwiZXhwIjoxNjY1NDIyNDk2fQ.JmtoM-pF_dwyb0AMXW78K2S6ULCtVO9NTb1rsXGQvy8	undefined
20221010	22:52:31	b25956c7-bf1f-49db-bfef-f13d2ed655d4	GET	/auth/verify-user/6342ef3f80b696b9c68f8bca/eyJhbGciOiJIUzI1NiIsInR5cCI6IkpXVCJ9.eyJpZCI6IjYzNDJlZjNmODBiNjk2YjljNjhmOGJjYSIsImlhdCI6MTY2NTQyMTU5NiwiZXhwIjoxNjY1NDIyNDk2fQ.JmtoM-pF_dwyb0AMXW78K2S6ULCtVO9NTb1rsXGQvy8	undefined
20221010	22:53:22	335f962b-b028-422a-8657-0fa6be39c83a	GET	/auth/verify-user/6342ef3f80b696b9c68f8bca/eyJhbGciOiJIUzI1NiIsInR5cCI6IkpXVCJ9.eyJpZCI6IjYzNDJlZjNmODBiNjk2YjljNjhmOGJjYSIsImlhdCI6MTY2NTQyMTU5NiwiZXhwIjoxNjY1NDIyNDk2fQ.JmtoM-pF_dwyb0AMXW78K2S6ULCtVO9NTb1rsXGQvy8	undefined
20221010	22:53:41	6f484454-075c-4525-90cd-1c747b568e05	GET	/auth/verify-user/6342ef3f80b696b9c68f8bca/eyJhbGciOiJIUzI1NiIsInR5cCI6IkpXVCJ9.eyJpZCI6IjYzNDJlZjNmODBiNjk2YjljNjhmOGJjYSIsImlhdCI6MTY2NTQyMTU5NiwiZXhwIjoxNjY1NDIyNDk2fQ.JmtoM-pF_dwyb0AMXW78K2S6ULCtVO9NTb1rsXGQvy8	undefined
20221010	22:53:57	6220c342-e77c-4261-a554-9a61c55943f3	POST	/auth/login	undefined
20221010	22:54:50	8b0c5ce9-8455-4f0f-918d-390f473271e2	GET	/auth/verify-user/6342ef3f80b696b9c68f8bca/eyJhbGciOiJIUzI1NiIsInR5cCI6IkpXVCJ9.eyJpZCI6IjYzNDJlZjNmODBiNjk2YjljNjhmOGJjYSIsImlhdCI6MTY2NTQyMTU5NiwiZXhwIjoxNjY1NDIyNDk2fQ.JmtoM-pF_dwyb0AMXW78K2S6ULCtVO9NTb1rsXGQvy8	undefined
20221010	22:55:58	6bb40824-a461-4391-99c5-2441daa342d8	GET	/auth/verify-user/6342ef3f80b696b9c68f8bca/eyJhbGciOiJIUzI1NiIsInR5cCI6IkpXVCJ9.eyJpZCI6IjYzNDJlZjNmODBiNjk2YjljNjhmOGJjYSIsImlhdCI6MTY2NTQyMTU5NiwiZXhwIjoxNjY1NDIyNDk2fQ.JmtoM-pF_dwyb0AMXW78K2S6ULCtVO9NTb1rsXGQvy8	undefined
20221010	22:56:13	8dd63e04-5f91-48b0-b770-25c7bb228516	POST	/auth/login	undefined
20221010	22:56:44	ab6b3956-1fe7-47bd-95fb-02c58f367108	GET	/auth/verify-user/6342ef3f80b696b9c68f8bca/eyJhbGciOiJIUzI1NiIsInR5cCI6IkpXVCJ9.eyJpZCI6IjYzNDJlZjNmODBiNjk2YjljNjhmOGJjYSIsImlhdCI6MTY2NTQyMTg3MywiZXhwIjoxNjY1NDIyNzczfQ.DGJGhZ7aYAYUzH7tTL9ps7Nqm7vb9GtDJeg8WwQr_hs	undefined
20221010	22:56:58	6e3cad32-985a-4197-a3ad-836fe0bfe6fb	GET	/auth/verify-user/6342ef3f80b696b9c68f8bca/eyJhbGciOiJIUzI1NiIsInR5cCI6IkpXVCJ9.eyJpZCI6IjYzNDJlZjNmODBiNjk2YjljNjhmOGJjYSIsImlhdCI6MTY2NTQyMTg3MywiZXhwIjoxNjY1NDIyNzczfQ.DGJGhZ7aYAYUzH7tTL9ps7Nqm7vb9GtDJeg8WwQr_hs	undefined
20221010	22:57:14	f6de4457-17c9-4e45-8a69-3cf60890673d	GET	/auth/verify-user/6342ef3f80b696b9c68f8bca/eyJhbGciOiJIUzI1NiIsInR5cCI6IkpXVCJ9.eyJpZCI6IjYzNDJlZjNmODBiNjk2YjljNjhmOGJjYSIsImlhdCI6MTY2NTQyMTg3MywiZXhwIjoxNjY1NDIyNzczfQ.DGJGhZ7aYAYUzH7tTL9ps7Nqm7vb9GtDJeg8WwQr_hs	undefined
20221010	22:58:59	b342d20d-f88a-46fe-b968-b1f6d04e3b69	GET	/auth/verify-user/6342ef3f80b696b9c68f8bca/eyJhbGciOiJIUzI1NiIsInR5cCI6IkpXVCJ9.eyJpZCI6IjYzNDJlZjNmODBiNjk2YjljNjhmOGJjYSIsImlhdCI6MTY2NTQyMTg3MywiZXhwIjoxNjY1NDIyNzczfQ.DGJGhZ7aYAYUzH7tTL9ps7Nqm7vb9GtDJeg8WwQr_hs	undefined
20221010	22:59:01	7b024cbc-583d-45b0-a48c-79b70efdb7f2	GET	/auth/verify-user/6342ef3f80b696b9c68f8bca/eyJhbGciOiJIUzI1NiIsInR5cCI6IkpXVCJ9.eyJpZCI6IjYzNDJlZjNmODBiNjk2YjljNjhmOGJjYSIsImlhdCI6MTY2NTQyMTg3MywiZXhwIjoxNjY1NDIyNzczfQ.DGJGhZ7aYAYUzH7tTL9ps7Nqm7vb9GtDJeg8WwQr_hs	undefined
20221010	22:59:02	23b924c6-0bf3-441f-a223-e5d7b03972e7	GET	/auth/verify-user/6342ef3f80b696b9c68f8bca/eyJhbGciOiJIUzI1NiIsInR5cCI6IkpXVCJ9.eyJpZCI6IjYzNDJlZjNmODBiNjk2YjljNjhmOGJjYSIsImlhdCI6MTY2NTQyMTg3MywiZXhwIjoxNjY1NDIyNzczfQ.DGJGhZ7aYAYUzH7tTL9ps7Nqm7vb9GtDJeg8WwQr_hs	undefined
20221010	22:59:30	7cfeaf32-c3d6-4831-b141-b1dfb1455003	GET	/auth/verifyuser/6342ef3f80b696b9c68f8bca/eyJhbGciOiJIUzI1NiIsInR5cCI6IkpXVCJ9.eyJpZCI6IjYzNDJlZjNmODBiNjk2YjljNjhmOGJjYSIsImlhdCI6MTY2NTQyMTg3MywiZXhwIjoxNjY1NDIyNzczfQ.DGJGhZ7aYAYUzH7tTL9ps7Nqm7vb9GtDJeg8WwQr_hs	undefined
20221010	22:59:33	de94d1bb-b564-4603-a72a-2578a5d4f402	GET	/auth/verify-user/6342ef3f80b696b9c68f8bca/eyJhbGciOiJIUzI1NiIsInR5cCI6IkpXVCJ9.eyJpZCI6IjYzNDJlZjNmODBiNjk2YjljNjhmOGJjYSIsImlhdCI6MTY2NTQyMTg3MywiZXhwIjoxNjY1NDIyNzczfQ.DGJGhZ7aYAYUzH7tTL9ps7Nqm7vb9GtDJeg8WwQr_hs	undefined
20221010	23:01:10	7217c1d6-6d4c-48cc-94bf-51702402ea25	GET	/auth/verify-user/6342ef3f80b696b9c68f8bca/eyJhbGciOiJIUzI1NiIsInR5cCI6IkpXVCJ9.eyJpZCI6IjYzNDJlZjNmODBiNjk2YjljNjhmOGJjYSIsImlhdCI6MTY2NTQyMTg3MywiZXhwIjoxNjY1NDIyNzczfQ.DGJGhZ7aYAYUzH7tTL9ps7Nqm7vb9GtDJeg8WwQr_hs	undefined
20221010	23:02:25	8cf4064f-751c-4237-8b7e-d46ce53fa57e	GET	/auth/verify-user/6342ef3f80b696b9c68f8bca/eyJhbGciOiJIUzI1NiIsInR5cCI6IkpXVCJ9.eyJpZCI6IjYzNDJlZjNmODBiNjk2YjljNjhmOGJjYSIsImlhdCI6MTY2NTQyMTg3MywiZXhwIjoxNjY1NDIyNzczfQ.DGJGhZ7aYAYUzH7tTL9ps7Nqm7vb9GtDJeg8WwQr_hs	undefined
20221010	23:03:59	639a4f64-e293-42ca-8ed5-1391be691962	GET	/auth/verify-user/6342ef3f80b696b9c68f8bca/eyJhbGciOiJIUzI1NiIsInR5cCI6IkpXVCJ9.eyJpZCI6IjYzNDJlZjNmODBiNjk2YjljNjhmOGJjYSIsImlhdCI6MTY2NTQyMTg3MywiZXhwIjoxNjY1NDIyNzczfQ.DGJGhZ7aYAYUzH7tTL9ps7Nqm7vb9GtDJeg8WwQr_hs	undefined
20221010	23:04:50	001e5a91-cde4-4fc9-9b5c-53130abc2ec3	GET	/auth/verify-user/6342ef3f80b696b9c68f8bca/eyJhbGciOiJIUzI1NiIsInR5cCI6IkpXVCJ9.eyJpZCI6IjYzNDJlZjNmODBiNjk2YjljNjhmOGJjYSIsImlhdCI6MTY2NTQyMTg3MywiZXhwIjoxNjY1NDIyNzczfQ.DGJGhZ7aYAYUzH7tTL9ps7Nqm7vb9GtDJeg8WwQr_hs	undefined
20221010	23:05:40	2873a580-35da-4a80-bcf2-312b8994e990	GET	/auth/verify-user/6342ef3f80b696b9c68f8bca/eyJhbGciOiJIUzI1NiIsInR5cCI6IkpXVCJ9.eyJpZCI6IjYzNDJlZjNmODBiNjk2YjljNjhmOGJjYSIsImlhdCI6MTY2NTQyMTg3MywiZXhwIjoxNjY1NDIyNzczfQ.DGJGhZ7aYAYUzH7tTL9ps7Nqm7vb9GtDJeg8WwQr_hs	undefined
20221010	23:05:56	bab65bc6-3db1-41f9-9eaf-707cc369e0ad	GET	/auth/verify-user/6342ef3f80b696b9c68f8bca/eyJhbGciOiJIUzI1NiIsInR5cCI6IkpXVCJ9.eyJpZCI6IjYzNDJlZjNmODBiNjk2YjljNjhmOGJjYSIsImlhdCI6MTY2NTQyMTg3MywiZXhwIjoxNjY1NDIyNzczfQ.DGJGhZ7aYAYUzH7tTL9ps7Nqm7vb9GtDJeg8WwQr_hs	undefined
